Nov 02, 2025 3:45:36 PM storage.Storage <init>
INFO: Initialising storage - loading saved data
Nov 02, 2025 3:45:36 PM storage.Storage <init>
INFO: Storage initialized successfully.
Nov 02, 2025 3:45:36 PM storage.Storage loadBanks
INFO: Loading banks from file...
Nov 02, 2025 3:45:36 PM storage.Storage transactionFileDoesNotExist
WARNING: No transaction file found. Returning null.
Nov 02, 2025 3:45:36 PM storage.Storage loadBudgets
INFO: Loading budgets from file...
Nov 02, 2025 3:45:41 PM ui.Parser parseCommand
INFO: Received command: search 1
Nov 02, 2025 3:45:41 PM ui.Parser parseCommand
FINE: Parsed main command: search
Nov 02, 2025 3:45:41 PM ui.Parser parseCommand
INFO: Executing 'search' command
Nov 02, 2025 3:45:41 PM ui.Parser parseCommand
INFO: Please login to a bank to execute this command
Nov 02, 2025 3:45:45 PM ui.Parser parseCommand
INFO: Received command: login 0
Nov 02, 2025 3:45:45 PM ui.Parser parseCommand
FINE: Parsed main command: login
Nov 02, 2025 3:45:47 PM ui.Parser parseCommand
INFO: Received command: search 1
Nov 02, 2025 3:45:47 PM ui.Parser parseCommand
FINE: Parsed main command: search
Nov 02, 2025 3:45:47 PM ui.Parser parseCommand
INFO: Executing 'search' command
Nov 02, 2025 3:45:47 PM commands.SearchCommand <init>
INFO: SearchCommand created with arguments: [1]
Nov 02, 2025 3:45:47 PM commands.SearchCommand execute
INFO: Executing SearchCommand...
Nov 02, 2025 3:45:47 PM commands.SearchCommand execute
INFO: Searching transactions for keyword: "1"
Nov 02, 2025 3:45:47 PM commands.SearchCommand execute
INFO: Search completed. Results displayed.
Nov 02, 2025 3:45:51 PM ui.Parser parseCommand
INFO: Received command: search
Nov 02, 2025 3:45:51 PM ui.Parser parseCommand
FINE: Parsed main command: search
Nov 02, 2025 3:45:51 PM ui.Parser parseCommand
INFO: Executing 'search' command
Nov 02, 2025 3:45:51 PM commands.SearchCommand <init>
INFO: SearchCommand created with arguments: []
Nov 02, 2025 3:45:51 PM commands.SearchCommand execute
INFO: Executing SearchCommand...
Nov 02, 2025 3:45:59 PM ui.Parser parseCommand
INFO: Received command: search osdfgsdfgosdigsdg9sdfsd0jdjvdfvjdfvsdkvlsvslnvdf
Nov 02, 2025 3:45:59 PM ui.Parser parseCommand
FINE: Parsed main command: search
Nov 02, 2025 3:45:59 PM ui.Parser parseCommand
INFO: Executing 'search' command
Nov 02, 2025 3:45:59 PM commands.SearchCommand <init>
INFO: SearchCommand created with arguments: [osdfgsdfgosdigsdg9sdfsd0jdjvdfvjdfvsdkvlsvslnvdf]
Nov 02, 2025 3:45:59 PM commands.SearchCommand execute
INFO: Executing SearchCommand...
Nov 02, 2025 3:45:59 PM commands.SearchCommand execute
INFO: Searching transactions for keyword: "osdfgsdfgosdigsdg9sdfsd0jdjvdfvjdfvsdkvlsvslnvdf"
Nov 02, 2025 3:45:59 PM commands.SearchCommand execute
INFO: Search completed. Results displayed.
Nov 02, 2025 3:46:03 PM ui.Parser parseCommand
INFO: Received command: exit
Nov 02, 2025 3:46:03 PM ui.Parser parseCommand
FINE: Parsed main command: exit
Nov 02, 2025 3:46:03 PM ui.Parser parseCommand
INFO: Executing 'exit' command
